20240207	00:32:20	3ec5a3ab-7b09-4ed2-be80-79563b1447a0	GET	/	undefined
20240207	00:32:20	ce25aa86-47e0-4b42-9520-7d57e6ad286f	GET	/css/style.css	undefined
20240207	01:05:42	f9748c9a-9a13-4240-83a0-03fbd83fbe8b	GET	/	undefined
20240207	01:05:42	7d67eb5c-fe84-4bc8-a08a-95d323c106c7	GET	/css/style.css	undefined
20240207	01:06:59	ac6ec9d6-7183-40b8-a6ab-61762538be3d	GET	/	undefined
20240207	01:06:59	b96ebeb6-3dc8-45a9-8354-46b9afad41c5	GET	/css/style.css	undefined
20240207	01:07:25	7f820929-0b93-4199-8a8d-f2861b4d9287	GET	/jjklk	undefined
20240207	01:07:26	a22f9fcd-b6a0-4ece-a810-1e0eec972910	GET	/css/style.css	undefined
20240207	01:09:10	53801beb-f385-4006-93a4-220729ba0bc5	GET	/	undefined
20240207	01:12:43	255093f8-23a0-453c-bc28-8d3f8073c27a	GET	/jjklk	undefined
20240207	01:12:44	540b778d-205a-4736-ab24-e5c9f8dedd75	GET	/css/style.css	undefined
20240207	01:12:49	d25dcbfc-8626-4101-b54f-40e35ce7cdbd	GET	/jjklk	undefined
20240207	01:12:49	27a99208-654b-49bb-97bd-98c1b422cf7b	GET	/css/style.css	undefined
20240207	01:12:55	aab443c0-31ed-4738-b4e0-3d27f3fe7ed8	GET	/	undefined
20240209	15:30:32	774ad76a-45ad-4f5a-8f40-e57cee8e731f	GET	/	undefined
20240209	15:30:36	1e94781b-3031-4f93-8f69-fbe4742b2522	GET	/css/style.css	undefined
20240209	15:31:17	fe73de8f-abe2-42c9-beab-53d6df7abf06	GET	/users	undefined
20240209	15:31:18	ec1dc95b-39c5-4eb0-808b-22bc84e31949	GET	/css/style.css	undefined
20240209	15:31:20	4ed9a3f9-a915-4a36-80d8-5868e15ed3cd	GET	/users	undefined
20240209	15:31:20	4ba296c5-84a4-458c-b1bc-25c110aaffba	GET	/css/style.css	undefined
20240209	15:31:21	ba151bea-9e4e-4cad-b4d9-e63e3be0eef4	GET	/users	undefined
20240209	15:31:21	8cafa06b-94e1-43ef-901e-1d527b1a069b	GET	/css/style.css	undefined
20240209	15:31:28	2c91b9af-3df3-4209-9f87-77044337eb60	GET	/users	undefined
20240209	15:31:29	4274ce55-b36b-431a-b6a6-604ae42149da	GET	/css/style.css	undefined
20240209	15:43:35	17856a61-f241-4b58-83cb-4abfac4d1967	GET	/users	undefined
20240209	15:47:02	7dffcf0f-5b0a-42ec-a04c-4cd0917be2bc	GET	/user	undefined
20240209	15:47:02	c650a2e7-3965-4ce2-887e-3e41e66b7a6c	GET	/css/style.css	undefined
20240209	15:47:06	213e9eac-5d42-4ce5-9302-80fabb624894	GET	/users	undefined
20240209	15:47:10	d5b59913-193a-476f-9560-7d431dad695a	GET	/users	undefined
20240209	16:04:06	4492a791-249c-44b8-a9a5-89b62c6d2b52	GET	/users	undefined
20240211	13:15:38	4ffb0bce-4dd0-4357-a171-b40d4b601c30	GET	/users	undefined
20240211	13:15:42	04c76b6c-f539-448c-b828-0e0ccdf9df45	GET	/users	undefined
20240211	13:23:11	a3fc81a0-793c-4dae-8e48-bd8d0ebdd4e0	POST	/users	undefined
20240211	13:27:18	5ad7ec04-966d-463c-9b76-c40de902cd0f	POST	/users	undefined
20240215	21:14:53	c7f7d48a-6499-4cc6-88f0-6bc4b1851b31	POST	/users	undefined
20240215	21:15:07	6b8b7b85-8060-4d4a-b94f-a925af13055b	GET	/users	undefined
20240215	21:31:18	44ee9cc3-0d25-46f3-addb-b8918fce78d1	GET	/	undefined
20240215	21:31:18	33140bcb-7d3c-4545-a9da-1d04ccd6a4e3	GET	/css/style.css	undefined
20240215	21:31:18	d4cb6c34-d844-4586-bc1a-9f446130d0a9	GET	/favicon.ico	undefined
20240220	17:15:19	2b036e85-1c44-4c3d-98a3-d2afab901c19	GET	/users	undefined
20240220	17:22:31	f6e0506e-4345-4148-9a0e-29f4ba63ffda	GET	/users	undefined
20240220	17:23:16	9a76d102-e3bf-48d6-a3ba-67e024088e3d	GET	/users	undefined
20240220	17:23:16	08204878-c146-4c15-85c8-71c0a9bffad6	GET	/users	undefined
20240220	17:25:12	4e345986-2763-4f66-bed6-0b7309a5c662	GET	/users	undefined
20240220	18:20:03	70d27dd4-25d4-46f6-b94f-f1621d854556	GET	/users	undefined
20240220	18:20:04	50ed4cf2-581b-4762-a72a-37d5ee9deeed	POST	/users	undefined
20240220	18:20:32	4c395f0f-b86b-4c5d-9e62-6ff55d6f533c	GET	/users	undefined
20240220	18:20:32	af893463-539b-43b9-ab57-24a735643c9a	POST	/users	undefined
20240220	18:23:16	f4d24bd2-0bb8-4b1d-992c-9ddd52ae6c5e	GET	/users	undefined
20240220	18:23:17	fbed2678-61b1-4804-bd33-e2ef1fc54060	POST	/users	undefined
20240220	18:28:35	e6a27261-2b39-43a6-8c2b-a88f1acdd9f7	GET	/users	undefined
20240220	18:28:35	821727d1-5b91-4c84-8be0-af8f925675e9	POST	/users	undefined
20240220	18:29:20	57b1bc25-45c6-4aff-9537-a4fe61f8199a	GET	/users	undefined
20240220	18:29:20	f892ec1e-104e-41db-a7b3-32090bdce97c	POST	/users	undefined
20240220	18:46:13	32257b12-62c4-4482-bac0-2259f7da9f40	GET	/users	undefined
20240220	18:46:13	973b676d-2e6a-4736-bac1-b2b9dce64ee6	POST	/users	undefined
20240220	18:47:56	0633349d-1778-4a58-935a-44dabab171ab	GET	/users	undefined
20240220	18:47:57	20d4277c-c1d1-43af-9288-94577f14fbdf	POST	/users	undefined
20240220	18:49:42	c834f7b0-7207-4242-85a8-7888437e47c8	GET	/users	undefined
20240220	18:49:43	d47d41af-17d9-4a3a-85d6-ce74624a5beb	POST	/users	undefined
20240220	18:50:40	d4c34028-297c-4464-9d08-904b7c06a6ed	GET	/users	undefined
20240220	18:50:40	1166a612-627c-41a7-9203-72b46d05e9ea	POST	/users	undefined
20240220	19:10:15	517a8428-0bf6-454c-ba43-c427bf53f0db	POST	/users	undefined
20240220	19:30:13	10dd1da7-55c1-4ef1-bfd8-612f930051ca	POST	/users	undefined
20240220	19:30:13	2b0c85b6-e6dc-424c-8462-b28c7164a52f	GET	/users	undefined
20240220	19:45:47	c5ff2189-651d-4590-8ebb-67893da384e2	POST	/users	undefined
20240220	19:46:05	e939e0de-a67d-4e30-aa4f-812f7ba0b5da	POST	/users	undefined
20240220	19:46:08	b132f7be-e08f-40b8-9d85-127f2b970582	POST	/users	undefined
20240220	19:47:11	1ba6b94e-ba76-4c17-9829-8774008a3829	GET	/users	undefined
20240220	19:47:11	3e537f37-6fa6-4917-a207-03bcea6593a9	POST	/users	undefined
20240220	19:47:11	2be557c2-612f-497a-966b-277c9ae7b5fb	DELETE	/users/kim	undefined
20240220	20:03:34	92e5e538-fd4f-4f57-a77e-4a3c4de0c1c4	GET	/users	undefined
20240220	20:03:34	0b8ae836-df57-4ac3-b056-504e1892982e	POST	/users	undefined
20240220	20:04:04	3370f30e-a5e6-469c-9e9d-44eace4be156	GET	/users	undefined
20240220	20:04:05	eece8072-6674-4d5f-80ea-3aa9900326cd	POST	/users	undefined
20240220	20:04:05	e00d829c-a20b-4de6-9964-d12503b8a22a	DELETE	/users/undefined	undefined
20240220	20:06:12	aea36619-d263-4fe0-bf15-16e928502fc5	GET	/users	undefined
20240220	21:00:49	a1514fe2-d993-49ae-b9e3-32909e66e5d4	GET	/users	undefined
20240220	21:01:06	5582dd07-3438-4b0c-ba82-402c986d5229	GET	/users	undefined
20240220	21:02:09	c608c799-ef0e-4fd9-9d62-ad76c2f110c0	GET	/users	undefined
20240220	21:03:51	f2888d46-5a43-4c14-bf15-94b717582253	GET	/users	undefined
20240220	21:07:05	8ce8444e-f4fa-4876-9f54-1028cd8f909d	GET	/users	undefined
20240220	22:03:38	8cd10fcd-eda2-4451-a61d-0bbe7b6e459d	GET	/users	undefined
20240220	23:27:53	425dc5d4-5599-47ae-85c9-67c78e695c3d	GET	/users	undefined
20240220	23:28:07	7a59c4f3-92c3-4d5a-aefa-37de7e2b0331	GET	/users	undefined
20240222	22:59:16	b8ec0285-6178-41a0-8bb2-ff02fdca9240	GET	/users	undefined
20240222	23:14:47	cced80ef-bb0d-4201-9b7f-aa57890f9cea	GET	/users	undefined
20240222	23:17:22	6e575600-da98-4198-9163-54780ce0b30f	GET	/users	undefined
